# JRE version: Java(TM) SE Runtime Environment (7.0_80-b15) (build 1.7.0_80-b15)
# Java VM: Java HotSpot(TM) 64-Bit Server VM (24.80-b11 mixed mode windows-amd64 compressed oops)
Heap
 PSYoungGen      total 32768K, used 15202K [0x00000000ed900000, 0x00000000f1a00000, 0x0000000100000000)
  eden space 29184K, 40% used [0x00000000ed900000,0x00000000ee469270,0x00000000ef580000)
  from space 3584K, 98% used [0x00000000ef580000,0x00000000ef8ef808,0x00000000ef900000)
  to   space 4096K, 0% used [0x00000000f1600000,0x00000000f1600000,0x00000000f1a00000)
 ParOldGen       total 37376K, used 4776K [0x00000000c8c00000, 0x00000000cb080000, 0x00000000ed900000)
  object space 37376K, 12% used [0x00000000c8c00000,0x00000000c90aa188,0x00000000cb080000)
 PSPermGen       total 21504K, used 14807K [0x00000000c3a00000, 0x00000000c4f00000, 0x00000000c8c00000)
  object space 21504K, 68% used [0x00000000c3a00000,0x00000000c4875e48,0x00000000c4f00000)
GC Heap History (10 events):
Event: 5.825 GC heap before
{Heap before GC invocations=3 (full 0):
 PSYoungGen      total 16896K, used 16880K [0x00000000ed900000, 0x00000000eeb80000, 0x0000000100000000)
  eden space 14848K, 100% used [0x00000000ed900000,0x00000000ee780000,0x00000000ee780000)
  from space 2048K, 99% used [0x00000000ee980000,0x00000000eeb7c358,0x00000000eeb80000)
  to   space 2048K, 0% used [0x00000000ee780000,0x00000000ee780000,0x00000000ee980000)
 ParOldGen       total 37376K, used 925K [0x00000000c8c00000, 0x00000000cb080000, 0x00000000ed900000)
  object space 37376K, 2% used [0x00000000c8c00000,0x00000000c8ce75d8,0x00000000cb080000)
 PSPermGen       total 21504K, used 10017K [0x00000000c3a00000, 0x00000000c4f00000, 0x00000000c8c00000)
  object space 21504K, 46% used [0x00000000c3a00000,0x00000000c43c86b8,0x00000000c4f00000)
Event: 5.835 GC heap after
Heap after GC invocations=3 (full 0):
 PSYoungGen      total 16896K, used 2016K [0x00000000ed900000, 0x00000000eeb80000, 0x0000000100000000)
  eden space 14848K, 0% used [0x00000000ed900000,0x00000000ed900000,0x00000000ee780000)
  from space 2048K, 98% used [0x00000000ee780000,0x00000000ee978368,0x00000000ee980000)
  to   space 2048K, 0% used [0x00000000ee980000,0x00000000ee980000,0x00000000eeb80000)
 ParOldGen       total 37376K, used 1418K [0x00000000c8c00000, 0x00000000cb080000, 0x00000000ed900000)
  object space 37376K, 3% used [0x00000000c8c00000,0x00000000c8d62810,0x00000000cb080000)
 PSPermGen       total 21504K, used 10017K [0x00000000c3a00000, 0x00000000c4f00000, 0x00000000c8c00000)
  object space 21504K, 46% used [0x00000000c3a00000,0x00000000c43c86b8,0x00000000c4f00000)
}
Event: 6.362 GC heap before
{Heap before GC invocations=4 (full 0):
 PSYoungGen      total 16896K, used 16864K [0x00000000ed900000, 0x00000000eeb80000, 0x0000000100000000)
  eden space 14848K, 100% used [0x00000000ed900000,0x00000000ee780000,0x00000000ee780000)
  from space 2048K, 98% used [0x00000000ee780000,0x00000000ee978368,0x00000000ee980000)
  to   space 2048K, 0% used [0x00000000ee980000,0x00000000ee980000,0x00000000eeb80000)
 ParOldGen       total 37376K, used 1418K [0x00000000c8c00000, 0x00000000cb080000, 0x00000000ed900000)
  object space 37376K, 3% used [0x00000000c8c00000,0x00000000c8d62810,0x00000000cb080000)
 PSPermGen       total 21504K, used 10604K [0x00000000c3a00000, 0x00000000c4f00000, 0x00000000c8c00000)
  object space 21504K, 49% used [0x00000000c3a00000,0x00000000c445b070,0x00000000c4f00000)
Event: 6.372 GC heap after
Heap after GC invocations=4 (full 0):
 PSYoungGen      total 16896K, used 2019K [0x00000000ed900000, 0x00000000efa00000, 0x0000000100000000)
  eden space 14848K, 0% used [0x00000000ed900000,0x00000000ed900000,0x00000000ee780000)
  from space 2048K, 98% used [0x00000000ee980000,0x00000000eeb78d18,0x00000000eeb80000)
  to   space 2048K, 0% used [0x00000000ee780000,0x00000000ee780000,0x00000000ee980000)
 ParOldGen       total 37376K, used 2078K [0x00000000c8c00000, 0x00000000cb080000, 0x00000000ed900000)
  object space 37376K, 5% used [0x00000000c8c00000,0x00000000c8e07be0,0x00000000cb080000)
 PSPermGen       total 21504K, used 10604K [0x00000000c3a00000, 0x00000000c4f00000, 0x00000000c8c00000)
  object space 21504K, 49% used [0x00000000c3a00000,0x00000000c445b070,0x00000000c4f00000)
}
Event: 6.828 GC heap before
{Heap before GC invocations=5 (full 0):
 PSYoungGen      total 16896K, used 16867K [0x00000000ed900000, 0x00000000efa00000, 0x0000000100000000)
  eden space 14848K, 100% used [0x00000000ed900000,0x00000000ee780000,0x00000000ee780000)
  from space 2048K, 98% used [0x00000000ee980000,0x00000000eeb78d18,0x00000000eeb80000)
  to   space 2048K, 0% used [0x00000000ee780000,0x00000000ee780000,0x00000000ee980000)
 ParOldGen       total 37376K, used 2078K [0x00000000c8c00000, 0x00000000cb080000, 0x00000000ed900000)
  object space 37376K, 5% used [0x00000000c8c00000,0x00000000c8e07be0,0x00000000cb080000)
 PSPermGen       total 21504K, used 11654K [0x00000000c3a00000, 0x00000000c4f00000, 0x00000000c8c00000)
  object space 21504K, 54% used [0x00000000c3a00000,0x00000000c4561978,0x00000000c4f00000)
Event: 6.843 GC heap after
Heap after GC invocations=5 (full 0):
 PSYoungGen      total 16896K, used 2029K [0x00000000ed900000, 0x00000000efc00000, 0x0000000100000000)
  eden space 14848K, 0% used [0x00000000ed900000,0x00000000ed900000,0x00000000ee780000)
  from space 2048K, 99% used [0x00000000ee780000,0x00000000ee97b4d0,0x00000000ee980000)
  to   space 3072K, 0% used [0x00000000ef900000,0x00000000ef900000,0x00000000efc00000)
 ParOldGen       total 37376K, used 2982K [0x00000000c8c00000, 0x00000000cb080000, 0x00000000ed900000)
  object space 37376K, 7% used [0x00000000c8c00000,0x00000000c8ee9910,0x00000000cb080000)
 PSPermGen       total 21504K, used 11654K [0x00000000c3a00000, 0x00000000c4f00000, 0x00000000c8c00000)
  object space 21504K, 54% used [0x00000000c3a00000,0x00000000c4561978,0x00000000c4f00000)
}
Event: 7.407 GC heap before
{Heap before GC invocations=6 (full 0):
 PSYoungGen      total 16896K, used 16877K [0x00000000ed900000, 0x00000000efc00000, 0x0000000100000000)
  eden space 14848K, 100% used [0x00000000ed900000,0x00000000ee780000,0x00000000ee780000)
  from space 2048K, 99% used [0x00000000ee780000,0x00000000ee97b4d0,0x00000000ee980000)
  to   space 3072K, 0% used [0x00000000ef900000,0x00000000ef900000,0x00000000efc00000)
 ParOldGen       total 37376K, used 2982K [0x00000000c8c00000, 0x00000000cb080000, 0x00000000ed900000)
  object space 37376K, 7% used [0x00000000c8c00000,0x00000000c8ee9910,0x00000000cb080000)
 PSPermGen       total 21504K, used 12757K [0x00000000c3a00000, 0x00000000c4f00000, 0x00000000c8c00000)
  object space 21504K, 59% used [0x00000000c3a00000,0x00000000c4675700,0x00000000c4f00000)
Event: 7.419 GC heap after
Heap after GC invocations=6 (full 0):
 PSYoungGen      total 32256K, used 3043K [0x00000000ed900000, 0x00000000efd00000, 0x0000000100000000)
  eden space 29184K, 0% used [0x00000000ed900000,0x00000000ed900000,0x00000000ef580000)
  from space 3072K, 99% used [0x00000000ef900000,0x00000000efbf8f80,0x00000000efc00000)
  to   space 3584K, 0% used [0x00000000ef580000,0x00000000ef580000,0x00000000ef900000)
 ParOldGen       total 37376K, used 3240K [0x00000000c8c00000, 0x00000000cb080000, 0x00000000ed900000)
  object space 37376K, 8% used [0x00000000c8c00000,0x00000000c8f2a1a8,0x00000000cb080000)
 PSPermGen       total 21504K, used 12757K [0x00000000c3a00000, 0x00000000c4f00000, 0x00000000c8c00000)
  object space 21504K, 59% used [0x00000000c3a00000,0x00000000c4675700,0x00000000c4f00000)
}
Event: 8.391 GC heap before
{Heap before GC invocations=7 (full 0):
 PSYoungGen      total 32256K, used 32227K [0x00000000ed900000, 0x00000000efd00000, 0x0000000100000000)
  eden space 29184K, 100% used [0x00000000ed900000,0x00000000ef580000,0x00000000ef580000)
  from space 3072K, 99% used [0x00000000ef900000,0x00000000efbf8f80,0x00000000efc00000)
  to   space 3584K, 0% used [0x00000000ef580000,0x00000000ef580000,0x00000000ef900000)
 ParOldGen       total 37376K, used 3240K [0x00000000c8c00000, 0x00000000cb080000, 0x00000000ed900000)
  object space 37376K, 8% used [0x00000000c8c00000,0x00000000c8f2a1a8,0x00000000cb080000)
 PSPermGen       total 21504K, used 14670K [0x00000000c3a00000, 0x00000000c4f00000, 0x00000000c8c00000)
  object space 21504K, 68% used [0x00000000c3a00000,0x00000000c4853918,0x00000000c4f00000)
Event: 8.408 GC heap after
Heap after GC invocations=7 (full 0):
 PSYoungGen      total 32768K, used 3518K [0x00000000ed900000, 0x00000000f1a00000, 0x0000000100000000)
  eden space 29184K, 0% used [0x00000000ed900000,0x00000000ed900000,0x00000000ef580000)
  from space 3584K, 98% used [0x00000000ef580000,0x00000000ef8ef808,0x00000000ef900000)
  to   space 4096K, 0% used [0x00000000f1600000,0x00000000f1600000,0x00000000f1a00000)
 ParOldGen       total 37376K, used 4776K [0x00000000c8c00000, 0x00000000cb080000, 0x00000000ed900000)
  object space 37376K, 12% used [0x00000000c8c00000,0x00000000c90aa188,0x00000000cb080000)
 PSPermGen       total 21504K, used 14670K [0x00000000c3a00000, 0x00000000c4f00000, 0x00000000c8c00000)
  object space 21504K, 68% used [0x00000000c3a00000,0x00000000c4853918,0x00000000c4f00000)
}

