# JRE version: Java(TM) SE Runtime Environment (7.0_80-b15) (build 1.7.0_80-b15)
# Java VM: Java HotSpot(TM) 64-Bit Server VM (24.80-b11 mixed mode windows-amd64 compressed oops)
Heap
 PSYoungGen      total 16896K, used 9003K [0x00000000ed900000, 0x00000000efa00000, 0x0000000100000000)
  eden space 14848K, 46% used [0x00000000ed900000,0x00000000edfd0608,0x00000000ee780000)
  from space 2048K, 98% used [0x00000000ee780000,0x00000000ee97a6b8,0x00000000ee980000)
  to   space 2048K, 0% used [0x00000000ef800000,0x00000000ef800000,0x00000000efa00000)
 ParOldGen       total 37376K, used 1469K [0x00000000c8c00000, 0x00000000cb080000, 0x00000000ed900000)
  object space 37376K, 3% used [0x00000000c8c00000,0x00000000c8d6f740,0x00000000cb080000)
 PSPermGen       total 21504K, used 10021K [0x00000000c3a00000, 0x00000000c4f00000, 0x00000000c8c00000)
  object space 21504K, 46% used [0x00000000c3a00000,0x00000000c43c9678,0x00000000c4f00000)
GC Heap History (6 events):
Event: 6.069 GC heap before
{Heap before GC invocations=1 (full 0):
 PSYoungGen      total 16896K, used 14848K [0x00000000ed900000, 0x00000000eeb80000, 0x0000000100000000)
  eden space 14848K, 100% used [0x00000000ed900000,0x00000000ee780000,0x00000000ee780000)
  from space 2048K, 0% used [0x00000000ee980000,0x00000000ee980000,0x00000000eeb80000)
  to   space 2048K, 0% used [0x00000000ee780000,0x00000000ee780000,0x00000000ee980000)
 ParOldGen       total 37376K, used 0K [0x00000000c8c00000, 0x00000000cb080000, 0x00000000ed900000)
  object space 37376K, 0% used [0x00000000c8c00000,0x00000000c8c00000,0x00000000cb080000)
 PSPermGen       total 21504K, used 5614K [0x00000000c3a00000, 0x00000000c4f00000, 0x00000000c8c00000)
  object space 21504K, 26% used [0x00000000c3a00000,0x00000000c3f7bb80,0x00000000c4f00000)
Event: 6.104 GC heap after
Heap after GC invocations=1 (full 0):
 PSYoungGen      total 16896K, used 2020K [0x00000000ed900000, 0x00000000eeb80000, 0x0000000100000000)
  eden space 14848K, 0% used [0x00000000ed900000,0x00000000ed900000,0x00000000ee780000)
  from space 2048K, 98% used [0x00000000ee780000,0x00000000ee9790c8,0x00000000ee980000)
  to   space 2048K, 0% used [0x00000000ee980000,0x00000000ee980000,0x00000000eeb80000)
 ParOldGen       total 37376K, used 217K [0x00000000c8c00000, 0x00000000cb080000, 0x00000000ed900000)
  object space 37376K, 0% used [0x00000000c8c00000,0x00000000c8c36408,0x00000000cb080000)
 PSPermGen       total 21504K, used 5614K [0x00000000c3a00000, 0x00000000c4f00000, 0x00000000c8c00000)
  object space 21504K, 26% used [0x00000000c3a00000,0x00000000c3f7bb80,0x00000000c4f00000)
}
Event: 7.897 GC heap before
{Heap before GC invocations=2 (full 0):
 PSYoungGen      total 16896K, used 16868K [0x00000000ed900000, 0x00000000eeb80000, 0x0000000100000000)
  eden space 14848K, 100% used [0x00000000ed900000,0x00000000ee780000,0x00000000ee780000)
  from space 2048K, 98% used [0x00000000ee780000,0x00000000ee9790c8,0x00000000ee980000)
  to   space 2048K, 0% used [0x00000000ee980000,0x00000000ee980000,0x00000000eeb80000)
 ParOldGen       total 37376K, used 217K [0x00000000c8c00000, 0x00000000cb080000, 0x00000000ed900000)
  object space 37376K, 0% used [0x00000000c8c00000,0x00000000c8c36408,0x00000000cb080000)
 PSPermGen       total 21504K, used 9214K [0x00000000c3a00000, 0x00000000c4f00000, 0x00000000c8c00000)
  object space 21504K, 42% used [0x00000000c3a00000,0x00000000c42ff988,0x00000000c4f00000)
Event: 7.934 GC heap after
Heap after GC invocations=2 (full 0):
 PSYoungGen      total 16896K, used 2033K [0x00000000ed900000, 0x00000000efa00000, 0x0000000100000000)
  eden space 14848K, 0% used [0x00000000ed900000,0x00000000ed900000,0x00000000ee780000)
  from space 2048K, 99% used [0x00000000ee980000,0x00000000eeb7c6c8,0x00000000eeb80000)
  to   space 2048K, 0% used [0x00000000ee780000,0x00000000ee780000,0x00000000ee980000)
 ParOldGen       total 37376K, used 929K [0x00000000c8c00000, 0x00000000cb080000, 0x00000000ed900000)
  object space 37376K, 2% used [0x00000000c8c00000,0x00000000c8ce8508,0x00000000cb080000)
 PSPermGen       total 21504K, used 9214K [0x00000000c3a00000, 0x00000000c4f00000, 0x00000000c8c00000)
  object space 21504K, 42% used [0x00000000c3a00000,0x00000000c42ff988,0x00000000c4f00000)
}
Event: 14.869 GC heap before
{Heap before GC invocations=3 (full 0):
 PSYoungGen      total 16896K, used 16881K [0x00000000ed900000, 0x00000000efa00000, 0x0000000100000000)
  eden space 14848K, 100% used [0x00000000ed900000,0x00000000ee780000,0x00000000ee780000)
  from space 2048K, 99% used [0x00000000ee980000,0x00000000eeb7c6c8,0x00000000eeb80000)
  to   space 2048K, 0% used [0x00000000ee780000,0x00000000ee780000,0x00000000ee980000)
 ParOldGen       total 37376K, used 929K [0x00000000c8c00000, 0x00000000cb080000, 0x00000000ed900000)
  object space 37376K, 2% used [0x00000000c8c00000,0x00000000c8ce8508,0x00000000cb080000)
 PSPermGen       total 21504K, used 10016K [0x00000000c3a00000, 0x00000000c4f00000, 0x00000000c8c00000)
  object space 21504K, 46% used [0x00000000c3a00000,0x00000000c43c8108,0x00000000c4f00000)
Event: 14.938 GC heap after
Heap after GC invocations=3 (full 0):
 PSYoungGen      total 16896K, used 2025K [0x00000000ed900000, 0x00000000efa00000, 0x0000000100000000)
  eden space 14848K, 0% used [0x00000000ed900000,0x00000000ed900000,0x00000000ee780000)
  from space 2048K, 98% used [0x00000000ee780000,0x00000000ee97a6b8,0x00000000ee980000)
  to   space 2048K, 0% used [0x00000000ef800000,0x00000000ef800000,0x00000000efa00000)
 ParOldGen       total 37376K, used 1469K [0x00000000c8c00000, 0x00000000cb080000, 0x00000000ed900000)
  object space 37376K, 3% used [0x00000000c8c00000,0x00000000c8d6f740,0x00000000cb080000)
 PSPermGen       total 21504K, used 10016K [0x00000000c3a00000, 0x00000000c4f00000, 0x00000000c8c00000)
  object space 21504K, 46% used [0x00000000c3a00000,0x00000000c43c8108,0x00000000c4f00000)
}

